[0.000000] (-) TimerEvent: {}
[0.000611] (-) JobUnselected: {'identifier': 'cpp_pubsub'}
[0.000646] (mpu6050) JobQueued: {'identifier': 'mpu6050', 'dependencies': OrderedDict()}
[0.000661] (mpu6050) JobStarted: {'identifier': 'mpu6050'}
[0.023764] (mpu6050) JobProgress: {'identifier': 'mpu6050', 'progress': 'cmake'}
[0.024019] (mpu6050) Command: {'cmd': ['/usr/bin/cmake', '/home/docker/rpizero2w_ubuntu_dev/workspace/src/mpu6050', '-DCMAKE_INSTALL_PREFIX=/home/docker/rpizero2w_ubuntu_dev/workspace/src/install/mpu6050'], 'cwd': '/home/docker/rpizero2w_ubuntu_dev/workspace/src/build/mpu6050', 'env': OrderedDict([('HOSTNAME', 'phoenix'), ('GIT_ASKPASS', '/home/docker/.vscode-server/bin/0ee08df0cf4527e40edc9aa28f4b5bd38bbff2b2/extensions/git/dist/askpass.sh'), ('SHLVL', '2'), ('LD_LIBRARY_PATH', '/opt/ros/humble/lib/x86_64-linux-gnu:/opt/ros/humble/lib'), ('BROWSER', '/home/docker/.vscode-server/bin/0ee08df0cf4527e40edc9aa28f4b5bd38bbff2b2/bin/helpers/browser.sh'), ('HOME', '/home/docker'), ('OLDPWD', '/home/docker/rpizero2w_ubuntu_dev/workspace'), ('TERM_PROGRAM_VERSION', '1.85.1'), ('VSCODE_IPC_HOOK_CLI', '/tmp/vscode-ipc-521b6d25-02ae-4cfd-a9a1-5d0de76a0501.sock'), ('ROS_PYTHON_VERSION', '3'), ('VSCODE_GIT_ASKPASS_MAIN', '/home/docker/.vscode-server/bin/0ee08df0cf4527e40edc9aa28f4b5bd38bbff2b2/extensions/git/dist/askpass-main.js'), ('VSCODE_GIT_ASKPASS_NODE', '/home/docker/.vscode-server/bin/0ee08df0cf4527e40edc9aa28f4b5bd38bbff2b2/node'), ('COLORTERM', 'truecolor'), ('REMOTE_CONTAINERS', 'true'), ('COLCON_PREFIX_PATH', '/home/docker/rpizero2w_ubuntu_dev/workspace/src/install'), ('ROS_DISTRO', 'humble'), ('REMOTE_CONTAINERS_IPC', '/tmp/vscode-remote-containers-ipc-9144bcc4-66d7-4a9e-93b7-46b092b6e30f.sock'), ('_', '/usr/bin/colcon'), ('ROS_VERSION', '2'), ('TERM', 'xterm-256color'), ('DEBUG_COLORS', 'true'), ('ROS_LOCALHOST_ONLY', '0'), ('PATH', '/opt/ros/humble/bin:/home/docker/.vscode-server/bin/0ee08df0cf4527e40edc9aa28f4b5bd38bbff2b2/bin/remote-cli:/usr/local/sbin:/usr/local/bin:/usr/sbin:/usr/bin:/sbin:/bin:/snap/bin'), ('REMOTE_CONTAINERS_SOCKETS', '["/tmp/vscode-ssh-auth-9144bcc4-66d7-4a9e-93b7-46b092b6e30f.sock","/tmp/.X11-unix/X2","/home/docker/.gnupg/S.gpg-agent"]'), ('DISPLAY', ':1'), ('LANG', 'en_US.UTF-8'), ('VSCODE_GIT_IPC_HANDLE', '/tmp/vscode-git-5a0ba3ea8a.sock'), ('TERM_PROGRAM', 'vscode'), ('SSH_AUTH_SOCK', '/tmp/vscode-ssh-auth-9144bcc4-66d7-4a9e-93b7-46b092b6e30f.sock'), ('AMENT_PREFIX_PATH', '/home/docker/rpizero2w_ubuntu_dev/workspace/src/install/cpp_pubsub:/opt/ros/humble'), ('DEBIAN_FRONTEND', 'noninteractive'), ('REMOTE_CONTAINERS_DISPLAY_SOCK', '/tmp/.X11-unix/X2'), ('SHELL', '/bin/bash'), ('VSCODE_GIT_ASKPASS_EXTRA_ARGS', ''), ('PWD', '/home/docker/rpizero2w_ubuntu_dev/workspace/src/build/mpu6050'), ('LC_ALL', 'en_US.UTF-8'), ('XDG_DATA_DIRS', '/usr/local/share:/usr/share:/var/lib/snapd/desktop'), ('PYTHONPATH', '/opt/ros/humble/lib/python3.10/site-packages:/opt/ros/humble/local/lib/python3.10/dist-packages'), ('COLCON', '1'), ('CMAKE_PREFIX_PATH', '/home/docker/rpizero2w_ubuntu_dev/workspace/src/install/cpp_pubsub:/opt/ros/humble')]), 'shell': False}
[0.032182] (mpu6050) StdoutLine: {'line': b'-- Found ament_cmake: 1.3.6 (/opt/ros/humble/share/ament_cmake/cmake)\n'}
[0.100118] (-) TimerEvent: {}
[0.110337] (mpu6050) StdoutLine: {'line': b'-- Found rclcpp: 16.0.7 (/opt/ros/humble/share/rclcpp/cmake)\n'}
[0.125578] (mpu6050) StdoutLine: {'line': b'-- Found rosidl_generator_c: 3.1.5 (/opt/ros/humble/share/rosidl_generator_c/cmake)\n'}
[0.126869] (mpu6050) StdoutLine: {'line': b'-- Found rosidl_adapter: 3.1.5 (/opt/ros/humble/share/rosidl_adapter/cmake)\n'}
[0.130175] (mpu6050) StdoutLine: {'line': b'-- Found rosidl_generator_cpp: 3.1.5 (/opt/ros/humble/share/rosidl_generator_cpp/cmake)\n'}
[0.136208] (mpu6050) StdoutLine: {'line': b'-- Using all available rosidl_typesupport_c: rosidl_typesupport_fastrtps_c;rosidl_typesupport_introspection_c\n'}
[0.144567] (mpu6050) StdoutLine: {'line': b'-- Using all available rosidl_typesupport_cpp: rosidl_typesupport_fastrtps_cpp;rosidl_typesupport_introspection_cpp\n'}
[0.178053] (mpu6050) StdoutLine: {'line': b'-- Found rmw_implementation_cmake: 6.1.1 (/opt/ros/humble/share/rmw_implementation_cmake/cmake)\n'}
[0.178738] (mpu6050) StdoutLine: {'line': b'-- Found rmw_fastrtps_cpp: 6.2.5 (/opt/ros/humble/share/rmw_fastrtps_cpp/cmake)\n'}
[0.200283] (-) TimerEvent: {}
[0.234672] (mpu6050) StdoutLine: {'line': b"-- Using RMW implementation 'rmw_fastrtps_cpp' as default\n"}
[0.300531] (-) TimerEvent: {}
[0.323646] (mpu6050) StdoutLine: {'line': b'-- Found geometry_msgs: 4.2.3 (/opt/ros/humble/share/geometry_msgs/cmake)\n'}
[0.348599] (mpu6050) StdoutLine: {'line': b'-- Found tf2: 0.25.5 (/opt/ros/humble/share/tf2/cmake)\n'}
[0.353165] (mpu6050) StdoutLine: {'line': b'-- Found tf2_ros: 0.25.5 (/opt/ros/humble/share/tf2_ros/cmake)\n'}
[0.400617] (-) TimerEvent: {}
[0.500967] (-) TimerEvent: {}
[0.544493] (mpu6050) StdoutLine: {'line': b'-- Found ament_lint_auto: 0.12.9 (/opt/ros/humble/share/ament_lint_auto/cmake)\n'}
[0.588149] (mpu6050) StdoutLine: {'line': b"-- Added test 'cppcheck' to perform static code analysis on C / C++ code\n"}
[0.588271] (mpu6050) StdoutLine: {'line': b'-- Configured cppcheck include dirs: \n'}
[0.588304] (mpu6050) StdoutLine: {'line': b'-- Configured cppcheck exclude dirs and/or files: \n'}
[0.588455] (mpu6050) StdoutLine: {'line': b"-- Added test 'lint_cmake' to check CMake code style\n"}
[0.589076] (mpu6050) StdoutLine: {'line': b"-- Added test 'uncrustify' to check C / C++ code style\n"}
[0.589143] (mpu6050) StdoutLine: {'line': b'-- Configured uncrustify additional arguments: \n'}
[0.589175] (mpu6050) StdoutLine: {'line': b"-- Added test 'xmllint' to check XML markup files\n"}
[0.589824] (mpu6050) StdoutLine: {'line': b'-- Configuring done\n'}
[0.596052] (mpu6050) StdoutLine: {'line': b'-- Generating done\n'}
[0.596806] (mpu6050) StdoutLine: {'line': b'-- Build files have been written to: /home/docker/rpizero2w_ubuntu_dev/workspace/src/build/mpu6050\n'}
[0.600686] (mpu6050) CommandEnded: {'returncode': 0}
[0.601434] (-) TimerEvent: {}
[0.601806] (mpu6050) JobProgress: {'identifier': 'mpu6050', 'progress': 'build'}
[0.601836] (mpu6050) Command: {'cmd': ['/usr/bin/cmake', '--build', '/home/docker/rpizero2w_ubuntu_dev/workspace/src/build/mpu6050', '--', '-j20', '-l20'], 'cwd': '/home/docker/rpizero2w_ubuntu_dev/workspace/src/build/mpu6050', 'env': OrderedDict([('HOSTNAME', 'phoenix'), ('GIT_ASKPASS', '/home/docker/.vscode-server/bin/0ee08df0cf4527e40edc9aa28f4b5bd38bbff2b2/extensions/git/dist/askpass.sh'), ('SHLVL', '2'), ('LD_LIBRARY_PATH', '/opt/ros/humble/lib/x86_64-linux-gnu:/opt/ros/humble/lib'), ('BROWSER', '/home/docker/.vscode-server/bin/0ee08df0cf4527e40edc9aa28f4b5bd38bbff2b2/bin/helpers/browser.sh'), ('HOME', '/home/docker'), ('OLDPWD', '/home/docker/rpizero2w_ubuntu_dev/workspace'), ('TERM_PROGRAM_VERSION', '1.85.1'), ('VSCODE_IPC_HOOK_CLI', '/tmp/vscode-ipc-521b6d25-02ae-4cfd-a9a1-5d0de76a0501.sock'), ('ROS_PYTHON_VERSION', '3'), ('VSCODE_GIT_ASKPASS_MAIN', '/home/docker/.vscode-server/bin/0ee08df0cf4527e40edc9aa28f4b5bd38bbff2b2/extensions/git/dist/askpass-main.js'), ('VSCODE_GIT_ASKPASS_NODE', '/home/docker/.vscode-server/bin/0ee08df0cf4527e40edc9aa28f4b5bd38bbff2b2/node'), ('COLORTERM', 'truecolor'), ('REMOTE_CONTAINERS', 'true'), ('COLCON_PREFIX_PATH', '/home/docker/rpizero2w_ubuntu_dev/workspace/src/install'), ('ROS_DISTRO', 'humble'), ('REMOTE_CONTAINERS_IPC', '/tmp/vscode-remote-containers-ipc-9144bcc4-66d7-4a9e-93b7-46b092b6e30f.sock'), ('_', '/usr/bin/colcon'), ('ROS_VERSION', '2'), ('TERM', 'xterm-256color'), ('DEBUG_COLORS', 'true'), ('ROS_LOCALHOST_ONLY', '0'), ('PATH', '/opt/ros/humble/bin:/home/docker/.vscode-server/bin/0ee08df0cf4527e40edc9aa28f4b5bd38bbff2b2/bin/remote-cli:/usr/local/sbin:/usr/local/bin:/usr/sbin:/usr/bin:/sbin:/bin:/snap/bin'), ('REMOTE_CONTAINERS_SOCKETS', '["/tmp/vscode-ssh-auth-9144bcc4-66d7-4a9e-93b7-46b092b6e30f.sock","/tmp/.X11-unix/X2","/home/docker/.gnupg/S.gpg-agent"]'), ('DISPLAY', ':1'), ('LANG', 'en_US.UTF-8'), ('VSCODE_GIT_IPC_HANDLE', '/tmp/vscode-git-5a0ba3ea8a.sock'), ('TERM_PROGRAM', 'vscode'), ('SSH_AUTH_SOCK', '/tmp/vscode-ssh-auth-9144bcc4-66d7-4a9e-93b7-46b092b6e30f.sock'), ('AMENT_PREFIX_PATH', '/home/docker/rpizero2w_ubuntu_dev/workspace/src/install/cpp_pubsub:/opt/ros/humble'), ('DEBIAN_FRONTEND', 'noninteractive'), ('REMOTE_CONTAINERS_DISPLAY_SOCK', '/tmp/.X11-unix/X2'), ('SHELL', '/bin/bash'), ('VSCODE_GIT_ASKPASS_EXTRA_ARGS', ''), ('PWD', '/home/docker/rpizero2w_ubuntu_dev/workspace/src/build/mpu6050'), ('LC_ALL', 'en_US.UTF-8'), ('XDG_DATA_DIRS', '/usr/local/share:/usr/share:/var/lib/snapd/desktop'), ('PYTHONPATH', '/opt/ros/humble/lib/python3.10/site-packages:/opt/ros/humble/local/lib/python3.10/dist-packages'), ('COLCON', '1'), ('CMAKE_PREFIX_PATH', '/home/docker/rpizero2w_ubuntu_dev/workspace/src/install/cpp_pubsub:/opt/ros/humble')]), 'shell': False}
[0.628842] (mpu6050) StdoutLine: {'line': b'[ 33%] \x1b[32mBuilding CXX object CMakeFiles/mpu_6050_pub.dir/src/mpu6050_pub.cpp.o\x1b[0m\n'}
[0.628992] (mpu6050) StdoutLine: {'line': b'[ 66%] \x1b[32mBuilding CXX object CMakeFiles/mpu_6050_pub.dir/src/MPU6050.cpp.o\x1b[0m\n'}
[0.634019] (mpu6050) StderrLine: {'line': b'\x1b[01m\x1b[K/home/docker/rpizero2w_ubuntu_dev/workspace/src/mpu6050/src/mpu6050_pub.cpp:6:10:\x1b[m\x1b[K \x1b[01;31m\x1b[Kfatal error: \x1b[m\x1b[Kmpu6050/MPU6050.h: No such file or directory\n'}
[0.634141] (mpu6050) StderrLine: {'line': b'    6 | #include \x1b[01;31m\x1b[K<mpu6050/MPU6050.h>\x1b[m\x1b[K\n'}
[0.634174] (mpu6050) StderrLine: {'line': b'      |          \x1b[01;31m\x1b[K^~~~~~~~~~~~~~~~~~~\x1b[m\x1b[K\n'}
[0.634200] (mpu6050) StderrLine: {'line': b'\x1b[01m\x1b[K/home/docker/rpizero2w_ubuntu_dev/workspace/src/mpu6050/src/MPU6050.cpp:6:10:\x1b[m\x1b[K \x1b[01;31m\x1b[Kfatal error: \x1b[m\x1b[Kmpu6050/MPU6050.h: No such file or directory\n'}
[0.634227] (mpu6050) StderrLine: {'line': b'    6 | #include \x1b[01;31m\x1b[K"mpu6050/MPU6050.h"\x1b[m\x1b[K\n'}
[0.634252] (mpu6050) StderrLine: {'line': b'      |          \x1b[01;31m\x1b[K^~~~~~~~~~~~~~~~~~~\x1b[m\x1b[K\n'}
[0.634278] (mpu6050) StderrLine: {'line': b'compilation terminated.\n'}
[0.634303] (mpu6050) StderrLine: {'line': b'compilation terminated.\n'}
[0.634486] (mpu6050) StderrLine: {'line': b'gmake[2]: *** [CMakeFiles/mpu_6050_pub.dir/build.make:76: CMakeFiles/mpu_6050_pub.dir/src/mpu6050_pub.cpp.o] Error 1\n'}
[0.634623] (mpu6050) StderrLine: {'line': b'gmake[2]: *** Waiting for unfinished jobs....\n'}
[0.634690] (mpu6050) StderrLine: {'line': b'gmake[2]: *** [CMakeFiles/mpu_6050_pub.dir/build.make:90: CMakeFiles/mpu_6050_pub.dir/src/MPU6050.cpp.o] Error 1\n'}
[0.634751] (mpu6050) StderrLine: {'line': b'gmake[1]: *** [CMakeFiles/Makefile2:137: CMakeFiles/mpu_6050_pub.dir/all] Error 2\n'}
[0.634823] (mpu6050) StderrLine: {'line': b'gmake: *** [Makefile:146: all] Error 2\n'}
[0.636212] (mpu6050) CommandEnded: {'returncode': 2}
[0.668039] (mpu6050) JobEnded: {'identifier': 'mpu6050', 'rc': 2}
[0.678468] (-) EventReactorShutdown: {}
