[0.000000] (-) TimerEvent: {}
[0.000103] (mpu6050) JobQueued: {'identifier': 'mpu6050', 'dependencies': OrderedDict()}
[0.000122] (mpu6050) JobStarted: {'identifier': 'mpu6050'}
[0.017154] (mpu6050) JobProgress: {'identifier': 'mpu6050', 'progress': 'cmake'}
[0.017446] (mpu6050) Command: {'cmd': ['/usr/bin/cmake', '/home/rpizero2w_ubuntu_clone/workspace/src/mpu6050', '-DCMAKE_INSTALL_PREFIX=/home/rpizero2w_ubuntu_clone/workspace/src/install/mpu6050'], 'cwd': '/home/rpizero2w_ubuntu_clone/workspace/src/build/mpu6050', 'env': OrderedDict([('HOSTNAME', 'phoenix'), ('SHLVL', '1'), ('LD_LIBRARY_PATH', '/opt/ros/humble/lib/x86_64-linux-gnu:/opt/ros/humble/lib'), ('HOME', '/home/docker'), ('OLDPWD', '/home/rpizero2w_ubuntu_clone/workspace'), ('ROS_PYTHON_VERSION', '3'), ('COLORTERM', 'truecolor'), ('ROS_DISTRO', 'humble'), ('_', '/usr/bin/colcon'), ('ROS_VERSION', '2'), ('TERM', 'xterm-256color'), ('DEBUG_COLORS', 'true'), ('ROS_LOCALHOST_ONLY', '0'), ('PATH', '/opt/ros/humble/bin:/usr/local/sbin:/usr/local/bin:/usr/sbin:/usr/bin:/sbin:/bin'), ('DISPLAY', ':1'), ('LANG', 'en_US.UTF-8'), ('AMENT_PREFIX_PATH', '/opt/ros/humble'), ('DEBIAN_FRONTEND', 'noninteractive'), ('PWD', '/home/rpizero2w_ubuntu_clone/workspace/src/build/mpu6050'), ('LC_ALL', 'en_US.UTF-8'), ('PYTHONPATH', '/opt/ros/humble/lib/python3.10/site-packages:/opt/ros/humble/local/lib/python3.10/dist-packages'), ('COLCON', '1'), ('CMAKE_PREFIX_PATH', '/opt/ros/humble')]), 'shell': False}
[0.027624] (mpu6050) StdoutLine: {'line': b'-- Found ament_cmake: 1.3.6 (/opt/ros/humble/share/ament_cmake/cmake)\n'}
[0.099465] (-) TimerEvent: {}
[0.121927] (mpu6050) StdoutLine: {'line': b'-- Found Python3: /usr/bin/python3.10 (found version "3.10.12") found components: Interpreter \n'}
[0.175812] (mpu6050) StdoutLine: {'line': b'-- Found ament_lint_auto: 0.12.9 (/opt/ros/humble/share/ament_lint_auto/cmake)\n'}
[0.199566] (-) TimerEvent: {}
[0.219673] (mpu6050) StdoutLine: {'line': b"-- Added test 'cppcheck' to perform static code analysis on C / C++ code\n"}
[0.219758] (mpu6050) StdoutLine: {'line': b'-- Configured cppcheck include dirs: $<BUILD_INTERFACE:/home/rpizero2w_ubuntu_clone/workspace/src/mpu6050/include>\n'}
[0.219791] (mpu6050) StdoutLine: {'line': b'-- Configured cppcheck exclude dirs and/or files: \n'}
[0.220194] (mpu6050) StdoutLine: {'line': b"-- Added test 'lint_cmake' to check CMake code style\n"}
[0.220857] (mpu6050) StdoutLine: {'line': b"-- Added test 'uncrustify' to check C / C++ code style\n"}
[0.220884] (mpu6050) StdoutLine: {'line': b'-- Configured uncrustify additional arguments: \n'}
[0.221108] (mpu6050) StdoutLine: {'line': b"-- Added test 'xmllint' to check XML markup files\n"}
[0.221987] (mpu6050) StdoutLine: {'line': b'-- Configuring done\n'}
[0.224153] (mpu6050) StdoutLine: {'line': b'-- Generating done\n'}
[0.224596] (mpu6050) StdoutLine: {'line': b'-- Build files have been written to: /home/rpizero2w_ubuntu_clone/workspace/src/build/mpu6050\n'}
[0.226118] (mpu6050) CommandEnded: {'returncode': 0}
[0.226363] (mpu6050) JobProgress: {'identifier': 'mpu6050', 'progress': 'build'}
[0.227381] (mpu6050) Command: {'cmd': ['/usr/bin/cmake', '--build', '/home/rpizero2w_ubuntu_clone/workspace/src/build/mpu6050', '--', '-j20', '-l20'], 'cwd': '/home/rpizero2w_ubuntu_clone/workspace/src/build/mpu6050', 'env': OrderedDict([('HOSTNAME', 'phoenix'), ('SHLVL', '1'), ('LD_LIBRARY_PATH', '/opt/ros/humble/lib/x86_64-linux-gnu:/opt/ros/humble/lib'), ('HOME', '/home/docker'), ('OLDPWD', '/home/rpizero2w_ubuntu_clone/workspace'), ('ROS_PYTHON_VERSION', '3'), ('COLORTERM', 'truecolor'), ('ROS_DISTRO', 'humble'), ('_', '/usr/bin/colcon'), ('ROS_VERSION', '2'), ('TERM', 'xterm-256color'), ('DEBUG_COLORS', 'true'), ('ROS_LOCALHOST_ONLY', '0'), ('PATH', '/opt/ros/humble/bin:/usr/local/sbin:/usr/local/bin:/usr/sbin:/usr/bin:/sbin:/bin'), ('DISPLAY', ':1'), ('LANG', 'en_US.UTF-8'), ('AMENT_PREFIX_PATH', '/opt/ros/humble'), ('DEBIAN_FRONTEND', 'noninteractive'), ('PWD', '/home/rpizero2w_ubuntu_clone/workspace/src/build/mpu6050'), ('LC_ALL', 'en_US.UTF-8'), ('PYTHONPATH', '/opt/ros/humble/lib/python3.10/site-packages:/opt/ros/humble/local/lib/python3.10/dist-packages'), ('COLCON', '1'), ('CMAKE_PREFIX_PATH', '/opt/ros/humble')]), 'shell': False}
[0.250946] (mpu6050) StdoutLine: {'line': b'[ 33%] \x1b[32mBuilding CXX object CMakeFiles/mpu6050_pub.dir/src/mpu6050_pub.cpp.o\x1b[0m\n'}
[0.251069] (mpu6050) StdoutLine: {'line': b'[ 66%] \x1b[32mBuilding CXX object CMakeFiles/mpu6050_pub.dir/src/MPU6050.cpp.o\x1b[0m\n'}
[0.299672] (-) TimerEvent: {}
[0.400111] (-) TimerEvent: {}
[0.484951] (mpu6050) StdoutLine: {'line': b'[100%] \x1b[32m\x1b[1mLinking CXX executable mpu6050_pub\x1b[0m\n'}
[0.500344] (-) TimerEvent: {}
[0.518817] (mpu6050) StderrLine: {'line': b"/usr/bin/ld: CMakeFiles/mpu6050_pub.dir/src/MPU6050.cpp.o: in function `MPU6050::MPU6050(signed char, bool)':\n"}
[0.518970] (mpu6050) StderrLine: {'line': b"MPU6050.cpp:(.text+0x11f): undefined reference to `i2c_smbus_write_byte_data'\n"}
[0.519036] (mpu6050) StderrLine: {'line': b"/usr/bin/ld: MPU6050.cpp:(.text+0x137): undefined reference to `i2c_smbus_write_byte_data'\n"}
[0.519095] (mpu6050) StderrLine: {'line': b"/usr/bin/ld: MPU6050.cpp:(.text+0x14f): undefined reference to `i2c_smbus_write_byte_data'\n"}
[0.519153] (mpu6050) StderrLine: {'line': b"/usr/bin/ld: MPU6050.cpp:(.text+0x167): undefined reference to `i2c_smbus_write_byte_data'\n"}
[0.519209] (mpu6050) StderrLine: {'line': b"/usr/bin/ld: MPU6050.cpp:(.text+0x17f): undefined reference to `i2c_smbus_write_byte_data'\n"}
[0.519265] (mpu6050) StderrLine: {'line': b"/usr/bin/ld: CMakeFiles/mpu6050_pub.dir/src/MPU6050.cpp.o:MPU6050.cpp:(.text+0x197): more undefined references to `i2c_smbus_write_byte_data' follow\n"}
[0.519322] (mpu6050) StderrLine: {'line': b"/usr/bin/ld: CMakeFiles/mpu6050_pub.dir/src/MPU6050.cpp.o: in function `MPU6050::getGyroRaw(float*, float*, float*)':\n"}
[0.519377] (mpu6050) StderrLine: {'line': b"MPU6050.cpp:(.text+0x342): undefined reference to `i2c_smbus_read_byte_data'\n"}
[0.519432] (mpu6050) StderrLine: {'line': b"/usr/bin/ld: MPU6050.cpp:(.text+0x35a): undefined reference to `i2c_smbus_read_byte_data'\n"}
[0.519487] (mpu6050) StderrLine: {'line': b"/usr/bin/ld: MPU6050.cpp:(.text+0x373): undefined reference to `i2c_smbus_read_byte_data'\n"}
[0.519542] (mpu6050) StderrLine: {'line': b"/usr/bin/ld: MPU6050.cpp:(.text+0x38b): undefined reference to `i2c_smbus_read_byte_data'\n"}
[0.519597] (mpu6050) StderrLine: {'line': b"/usr/bin/ld: MPU6050.cpp:(.text+0x3a4): undefined reference to `i2c_smbus_read_byte_data'\n"}
[0.519653] (mpu6050) StderrLine: {'line': b"/usr/bin/ld: CMakeFiles/mpu6050_pub.dir/src/MPU6050.cpp.o:MPU6050.cpp:(.text+0x3bc): more undefined references to `i2c_smbus_read_byte_data' follow\n"}
[0.521121] (mpu6050) StderrLine: {'line': b'collect2: error: ld returned 1 exit status\n'}
[0.522352] (mpu6050) StderrLine: {'line': b'gmake[2]: *** [CMakeFiles/mpu6050_pub.dir/build.make:113: mpu6050_pub] Error 1\n'}
[0.522477] (mpu6050) StderrLine: {'line': b'gmake[1]: *** [CMakeFiles/Makefile2:137: CMakeFiles/mpu6050_pub.dir/all] Error 2\n'}
[0.522543] (mpu6050) StderrLine: {'line': b'gmake: *** [Makefile:146: all] Error 2\n'}
[0.524516] (mpu6050) CommandEnded: {'returncode': 2}
[0.555101] (mpu6050) JobEnded: {'identifier': 'mpu6050', 'rc': 2}
[0.565377] (-) EventReactorShutdown: {}
