[0.018s] Invoking command in '/home/rpizero2w_ubuntu_clone/workspace/src/build/mpu6050': CMAKE_PREFIX_PATH=/opt/ros/humble /usr/bin/cmake /home/rpizero2w_ubuntu_clone/workspace/src/mpu6050 -DCMAKE_INSTALL_PREFIX=/home/rpizero2w_ubuntu_clone/workspace/src/install/mpu6050
[0.028s] -- Found ament_cmake: 1.3.6 (/opt/ros/humble/share/ament_cmake/cmake)
[0.122s] -- Found Python3: /usr/bin/python3.10 (found version "3.10.12") found components: Interpreter 
[0.176s] -- Found ament_lint_auto: 0.12.9 (/opt/ros/humble/share/ament_lint_auto/cmake)
[0.220s] -- Added test 'cppcheck' to perform static code analysis on C / C++ code
[0.220s] -- Configured cppcheck include dirs: $<BUILD_INTERFACE:/home/rpizero2w_ubuntu_clone/workspace/src/mpu6050/include>
[0.220s] -- Configured cppcheck exclude dirs and/or files: 
[0.220s] -- Added test 'lint_cmake' to check CMake code style
[0.221s] -- Added test 'uncrustify' to check C / C++ code style
[0.221s] -- Configured uncrustify additional arguments: 
[0.221s] -- Added test 'xmllint' to check XML markup files
[0.222s] -- Configuring done
[0.224s] -- Generating done
[0.224s] -- Build files have been written to: /home/rpizero2w_ubuntu_clone/workspace/src/build/mpu6050
[0.226s] Invoked command in '/home/rpizero2w_ubuntu_clone/workspace/src/build/mpu6050' returned '0': CMAKE_PREFIX_PATH=/opt/ros/humble /usr/bin/cmake /home/rpizero2w_ubuntu_clone/workspace/src/mpu6050 -DCMAKE_INSTALL_PREFIX=/home/rpizero2w_ubuntu_clone/workspace/src/install/mpu6050
[0.227s] Invoking command in '/home/rpizero2w_ubuntu_clone/workspace/src/build/mpu6050': CMAKE_PREFIX_PATH=/opt/ros/humble /usr/bin/cmake --build /home/rpizero2w_ubuntu_clone/workspace/src/build/mpu6050 -- -j20 -l20
[0.251s] [ 33%] [32mBuilding CXX object CMakeFiles/mpu6050_pub.dir/src/mpu6050_pub.cpp.o[0m
[0.251s] [ 66%] [32mBuilding CXX object CMakeFiles/mpu6050_pub.dir/src/MPU6050.cpp.o[0m
[0.485s] [100%] [32m[1mLinking CXX executable mpu6050_pub[0m
[0.519s] /usr/bin/ld: CMakeFiles/mpu6050_pub.dir/src/MPU6050.cpp.o: in function `MPU6050::MPU6050(signed char, bool)':
[0.519s] MPU6050.cpp:(.text+0x11f): undefined reference to `i2c_smbus_write_byte_data'
[0.519s] /usr/bin/ld: MPU6050.cpp:(.text+0x137): undefined reference to `i2c_smbus_write_byte_data'
[0.519s] /usr/bin/ld: MPU6050.cpp:(.text+0x14f): undefined reference to `i2c_smbus_write_byte_data'
[0.519s] /usr/bin/ld: MPU6050.cpp:(.text+0x167): undefined reference to `i2c_smbus_write_byte_data'
[0.519s] /usr/bin/ld: MPU6050.cpp:(.text+0x17f): undefined reference to `i2c_smbus_write_byte_data'
[0.519s] /usr/bin/ld: CMakeFiles/mpu6050_pub.dir/src/MPU6050.cpp.o:MPU6050.cpp:(.text+0x197): more undefined references to `i2c_smbus_write_byte_data' follow
[0.519s] /usr/bin/ld: CMakeFiles/mpu6050_pub.dir/src/MPU6050.cpp.o: in function `MPU6050::getGyroRaw(float*, float*, float*)':
[0.519s] MPU6050.cpp:(.text+0x342): undefined reference to `i2c_smbus_read_byte_data'
[0.519s] /usr/bin/ld: MPU6050.cpp:(.text+0x35a): undefined reference to `i2c_smbus_read_byte_data'
[0.519s] /usr/bin/ld: MPU6050.cpp:(.text+0x373): undefined reference to `i2c_smbus_read_byte_data'
[0.519s] /usr/bin/ld: MPU6050.cpp:(.text+0x38b): undefined reference to `i2c_smbus_read_byte_data'
[0.520s] /usr/bin/ld: MPU6050.cpp:(.text+0x3a4): undefined reference to `i2c_smbus_read_byte_data'
[0.520s] /usr/bin/ld: CMakeFiles/mpu6050_pub.dir/src/MPU6050.cpp.o:MPU6050.cpp:(.text+0x3bc): more undefined references to `i2c_smbus_read_byte_data' follow
[0.521s] collect2: error: ld returned 1 exit status
[0.522s] gmake[2]: *** [CMakeFiles/mpu6050_pub.dir/build.make:113: mpu6050_pub] Error 1
[0.522s] gmake[1]: *** [CMakeFiles/Makefile2:137: CMakeFiles/mpu6050_pub.dir/all] Error 2
[0.522s] gmake: *** [Makefile:146: all] Error 2
[0.525s] Invoked command in '/home/rpizero2w_ubuntu_clone/workspace/src/build/mpu6050' returned '2': CMAKE_PREFIX_PATH=/opt/ros/humble /usr/bin/cmake --build /home/rpizero2w_ubuntu_clone/workspace/src/build/mpu6050 -- -j20 -l20
