-- Found ament_cmake: 1.3.6 (/opt/ros/humble/share/ament_cmake/cmake)
-- Found rclcpp: 16.0.7 (/opt/ros/humble/share/rclcpp/cmake)
-- Found rosidl_generator_c: 3.1.5 (/opt/ros/humble/share/rosidl_generator_c/cmake)
-- Found rosidl_adapter: 3.1.5 (/opt/ros/humble/share/rosidl_adapter/cmake)
-- Found rosidl_generator_cpp: 3.1.5 (/opt/ros/humble/share/rosidl_generator_cpp/cmake)
-- Using all available rosidl_typesupport_c: rosidl_typesupport_fastrtps_c;rosidl_typesupport_introspection_c
-- Using all available rosidl_typesupport_cpp: rosidl_typesupport_fastrtps_cpp;rosidl_typesupport_introspection_cpp
-- Found rmw_implementation_cmake: 6.1.1 (/opt/ros/humble/share/rmw_implementation_cmake/cmake)
-- Found rmw_fastrtps_cpp: 6.2.5 (/opt/ros/humble/share/rmw_fastrtps_cpp/cmake)
-- Using RMW implementation 'rmw_fastrtps_cpp' as default
-- Found geometry_msgs: 4.2.3 (/opt/ros/humble/share/geometry_msgs/cmake)
-- Found tf2: 0.25.5 (/opt/ros/humble/share/tf2/cmake)
-- Found tf2_ros: 0.25.5 (/opt/ros/humble/share/tf2_ros/cmake)
-- Found ament_lint_auto: 0.12.9 (/opt/ros/humble/share/ament_lint_auto/cmake)
-- Added test 'cppcheck' to perform static code analysis on C / C++ code
-- Configured cppcheck include dirs: /home/docker/rpizero2w_ubuntu_dev/workspace/src/mpu6050/include
-- Configured cppcheck exclude dirs and/or files: 
-- Added test 'lint_cmake' to check CMake code style
-- Added test 'uncrustify' to check C / C++ code style
-- Configured uncrustify additional arguments: 
-- Added test 'xmllint' to check XML markup files
-- Configuring done
-- Generating done
-- Build files have been written to: /home/docker/rpizero2w_ubuntu_dev/workspace/src/build/mpu6050
[ 66%] [32mBuilding CXX object CMakeFiles/mpu_6050_pub.dir/src/MPU6050.cpp.o[0m
[ 66%] [32mBuilding CXX object CMakeFiles/mpu_6050_pub.dir/src/mpu6050_pub.cpp.o[0m
[100%] [32m[1mLinking CXX executable mpu_6050_pub[0m
/usr/bin/ld: CMakeFiles/mpu_6050_pub.dir/src/MPU6050.cpp.o: in function `MPU6050::MPU6050(signed char, bool)':
MPU6050.cpp:(.text+0x11f): undefined reference to `i2c_smbus_write_byte_data'
/usr/bin/ld: MPU6050.cpp:(.text+0x137): undefined reference to `i2c_smbus_write_byte_data'
/usr/bin/ld: MPU6050.cpp:(.text+0x14f): undefined reference to `i2c_smbus_write_byte_data'
/usr/bin/ld: MPU6050.cpp:(.text+0x167): undefined reference to `i2c_smbus_write_byte_data'
/usr/bin/ld: MPU6050.cpp:(.text+0x17f): undefined reference to `i2c_smbus_write_byte_data'
/usr/bin/ld: CMakeFiles/mpu_6050_pub.dir/src/MPU6050.cpp.o:MPU6050.cpp:(.text+0x197): more undefined references to `i2c_smbus_write_byte_data' follow
/usr/bin/ld: CMakeFiles/mpu_6050_pub.dir/src/MPU6050.cpp.o: in function `MPU6050::getGyroRaw(float*, float*, float*)':
MPU6050.cpp:(.text+0x342): undefined reference to `i2c_smbus_read_byte_data'
/usr/bin/ld: MPU6050.cpp:(.text+0x35a): undefined reference to `i2c_smbus_read_byte_data'
/usr/bin/ld: MPU6050.cpp:(.text+0x373): undefined reference to `i2c_smbus_read_byte_data'
/usr/bin/ld: MPU6050.cpp:(.text+0x38b): undefined reference to `i2c_smbus_read_byte_data'
/usr/bin/ld: MPU6050.cpp:(.text+0x3a4): undefined reference to `i2c_smbus_read_byte_data'
/usr/bin/ld: CMakeFiles/mpu_6050_pub.dir/src/MPU6050.cpp.o:MPU6050.cpp:(.text+0x3bc): more undefined references to `i2c_smbus_read_byte_data' follow
collect2: error: ld returned 1 exit status
gmake[2]: *** [CMakeFiles/mpu_6050_pub.dir/build.make:213: mpu_6050_pub] Error 1
gmake[1]: *** [CMakeFiles/Makefile2:137: CMakeFiles/mpu_6050_pub.dir/all] Error 2
gmake: *** [Makefile:146: all] Error 2
