[0.000000] (-) TimerEvent: {}
[0.000088] (-) JobUnselected: {'identifier': 'cpp_pubsub'}
[0.000120] (mpu6050) JobQueued: {'identifier': 'mpu6050', 'dependencies': OrderedDict()}
[0.000134] (mpu6050) JobStarted: {'identifier': 'mpu6050'}
[0.023249] (mpu6050) JobProgress: {'identifier': 'mpu6050', 'progress': 'cmake'}
[0.023976] (mpu6050) JobProgress: {'identifier': 'mpu6050', 'progress': 'build'}
[0.024015] (mpu6050) Command: {'cmd': ['/usr/bin/cmake', '--build', '/home/docker/rpizero2w_ubuntu_dev/workspace/src/build/mpu6050', '--', '-j20', '-l20'], 'cwd': '/home/docker/rpizero2w_ubuntu_dev/workspace/src/build/mpu6050', 'env': OrderedDict([('HOSTNAME', 'phoenix'), ('GIT_ASKPASS', '/home/docker/.vscode-server/bin/0ee08df0cf4527e40edc9aa28f4b5bd38bbff2b2/extensions/git/dist/askpass.sh'), ('SHLVL', '2'), ('LD_LIBRARY_PATH', '/opt/ros/humble/lib/x86_64-linux-gnu:/opt/ros/humble/lib'), ('BROWSER', '/home/docker/.vscode-server/bin/0ee08df0cf4527e40edc9aa28f4b5bd38bbff2b2/bin/helpers/browser.sh'), ('HOME', '/home/docker'), ('OLDPWD', '/home/docker/rpizero2w_ubuntu_dev/workspace'), ('TERM_PROGRAM_VERSION', '1.85.1'), ('VSCODE_IPC_HOOK_CLI', '/tmp/vscode-ipc-521b6d25-02ae-4cfd-a9a1-5d0de76a0501.sock'), ('ROS_PYTHON_VERSION', '3'), ('VSCODE_GIT_ASKPASS_MAIN', '/home/docker/.vscode-server/bin/0ee08df0cf4527e40edc9aa28f4b5bd38bbff2b2/extensions/git/dist/askpass-main.js'), ('VSCODE_GIT_ASKPASS_NODE', '/home/docker/.vscode-server/bin/0ee08df0cf4527e40edc9aa28f4b5bd38bbff2b2/node'), ('COLORTERM', 'truecolor'), ('REMOTE_CONTAINERS', 'true'), ('COLCON_PREFIX_PATH', '/home/docker/rpizero2w_ubuntu_dev/workspace/src/install'), ('ROS_DISTRO', 'humble'), ('REMOTE_CONTAINERS_IPC', '/tmp/vscode-remote-containers-ipc-9144bcc4-66d7-4a9e-93b7-46b092b6e30f.sock'), ('_', '/usr/bin/colcon'), ('ROS_VERSION', '2'), ('TERM', 'xterm-256color'), ('DEBUG_COLORS', 'true'), ('ROS_LOCALHOST_ONLY', '0'), ('PATH', '/opt/ros/humble/bin:/home/docker/.vscode-server/bin/0ee08df0cf4527e40edc9aa28f4b5bd38bbff2b2/bin/remote-cli:/usr/local/sbin:/usr/local/bin:/usr/sbin:/usr/bin:/sbin:/bin:/snap/bin'), ('REMOTE_CONTAINERS_SOCKETS', '["/tmp/vscode-ssh-auth-9144bcc4-66d7-4a9e-93b7-46b092b6e30f.sock","/tmp/.X11-unix/X2","/home/docker/.gnupg/S.gpg-agent"]'), ('DISPLAY', ':1'), ('LANG', 'en_US.UTF-8'), ('VSCODE_GIT_IPC_HANDLE', '/tmp/vscode-git-5a0ba3ea8a.sock'), ('TERM_PROGRAM', 'vscode'), ('SSH_AUTH_SOCK', '/tmp/vscode-ssh-auth-9144bcc4-66d7-4a9e-93b7-46b092b6e30f.sock'), ('AMENT_PREFIX_PATH', '/home/docker/rpizero2w_ubuntu_dev/workspace/src/install/cpp_pubsub:/opt/ros/humble'), ('DEBIAN_FRONTEND', 'noninteractive'), ('REMOTE_CONTAINERS_DISPLAY_SOCK', '/tmp/.X11-unix/X2'), ('SHELL', '/bin/bash'), ('VSCODE_GIT_ASKPASS_EXTRA_ARGS', ''), ('PWD', '/home/docker/rpizero2w_ubuntu_dev/workspace/src/build/mpu6050'), ('LC_ALL', 'en_US.UTF-8'), ('XDG_DATA_DIRS', '/usr/local/share:/usr/share:/var/lib/snapd/desktop'), ('PYTHONPATH', '/opt/ros/humble/lib/python3.10/site-packages:/opt/ros/humble/local/lib/python3.10/dist-packages'), ('COLCON', '1'), ('CMAKE_PREFIX_PATH', '/home/docker/rpizero2w_ubuntu_dev/workspace/src/install/cpp_pubsub:/opt/ros/humble')]), 'shell': False}
[0.043880] (mpu6050) StdoutLine: {'line': b'-- Found ament_cmake: 1.3.6 (/opt/ros/humble/share/ament_cmake/cmake)\n'}
[0.099463] (-) TimerEvent: {}
[0.126908] (mpu6050) StdoutLine: {'line': b'-- Found rclcpp: 16.0.7 (/opt/ros/humble/share/rclcpp/cmake)\n'}
[0.141511] (mpu6050) StdoutLine: {'line': b'-- Found rosidl_generator_c: 3.1.5 (/opt/ros/humble/share/rosidl_generator_c/cmake)\n'}
[0.142747] (mpu6050) StdoutLine: {'line': b'-- Found rosidl_adapter: 3.1.5 (/opt/ros/humble/share/rosidl_adapter/cmake)\n'}
[0.146037] (mpu6050) StdoutLine: {'line': b'-- Found rosidl_generator_cpp: 3.1.5 (/opt/ros/humble/share/rosidl_generator_cpp/cmake)\n'}
[0.151819] (mpu6050) StdoutLine: {'line': b'-- Using all available rosidl_typesupport_c: rosidl_typesupport_fastrtps_c;rosidl_typesupport_introspection_c\n'}
[0.160108] (mpu6050) StdoutLine: {'line': b'-- Using all available rosidl_typesupport_cpp: rosidl_typesupport_fastrtps_cpp;rosidl_typesupport_introspection_cpp\n'}
[0.193000] (mpu6050) StdoutLine: {'line': b'-- Found rmw_implementation_cmake: 6.1.1 (/opt/ros/humble/share/rmw_implementation_cmake/cmake)\n'}
[0.193811] (mpu6050) StdoutLine: {'line': b'-- Found rmw_fastrtps_cpp: 6.2.5 (/opt/ros/humble/share/rmw_fastrtps_cpp/cmake)\n'}
[0.199526] (-) TimerEvent: {}
[0.249319] (mpu6050) StdoutLine: {'line': b"-- Using RMW implementation 'rmw_fastrtps_cpp' as default\n"}
[0.299598] (-) TimerEvent: {}
[0.338661] (mpu6050) StdoutLine: {'line': b'-- Found geometry_msgs: 4.2.3 (/opt/ros/humble/share/geometry_msgs/cmake)\n'}
[0.363161] (mpu6050) StdoutLine: {'line': b'-- Found tf2: 0.25.5 (/opt/ros/humble/share/tf2/cmake)\n'}
[0.367741] (mpu6050) StdoutLine: {'line': b'-- Found tf2_ros: 0.25.5 (/opt/ros/humble/share/tf2_ros/cmake)\n'}
[0.399760] (-) TimerEvent: {}
[0.499994] (-) TimerEvent: {}
[0.560111] (mpu6050) StdoutLine: {'line': b'-- Found ament_lint_auto: 0.12.9 (/opt/ros/humble/share/ament_lint_auto/cmake)\n'}
[0.598808] (mpu6050) StdoutLine: {'line': b"-- Added test 'cppcheck' to perform static code analysis on C / C++ code\n"}
[0.598911] (mpu6050) StdoutLine: {'line': b'-- Configured cppcheck include dirs: /home/docker/rpizero2w_ubuntu_dev/workspace/src/mpu6050/include\n'}
[0.598946] (mpu6050) StdoutLine: {'line': b'-- Configured cppcheck exclude dirs and/or files: \n'}
[0.598974] (mpu6050) StdoutLine: {'line': b"-- Added test 'lint_cmake' to check CMake code style\n"}
[0.599315] (mpu6050) StdoutLine: {'line': b"-- Added test 'uncrustify' to check C / C++ code style\n"}
[0.599345] (mpu6050) StdoutLine: {'line': b'-- Configured uncrustify additional arguments: \n'}
[0.599540] (mpu6050) StdoutLine: {'line': b"-- Added test 'xmllint' to check XML markup files\n"}
[0.599866] (mpu6050) StdoutLine: {'line': b'-- Configuring done\n'}
[0.600041] (-) TimerEvent: {}
[0.606239] (mpu6050) StdoutLine: {'line': b'-- Generating done\n'}
[0.607180] (mpu6050) StdoutLine: {'line': b'-- Build files have been written to: /home/docker/rpizero2w_ubuntu_dev/workspace/src/build/mpu6050\n'}
[0.626897] (mpu6050) StdoutLine: {'line': b'[ 66%] \x1b[32mBuilding CXX object CMakeFiles/mpu_6050_pub.dir/src/MPU6050.cpp.o\x1b[0m\n'}
[0.627038] (mpu6050) StdoutLine: {'line': b'[ 66%] \x1b[32mBuilding CXX object CMakeFiles/mpu_6050_pub.dir/src/mpu6050_pub.cpp.o\x1b[0m\n'}
[0.700167] (-) TimerEvent: {}
[0.800427] (-) TimerEvent: {}
[0.900752] (-) TimerEvent: {}
[1.001069] (-) TimerEvent: {}
[1.101397] (-) TimerEvent: {}
[1.201732] (-) TimerEvent: {}
[1.302052] (-) TimerEvent: {}
[1.402381] (-) TimerEvent: {}
[1.502645] (-) TimerEvent: {}
[1.603022] (-) TimerEvent: {}
[1.703360] (-) TimerEvent: {}
[1.803593] (-) TimerEvent: {}
[1.903861] (-) TimerEvent: {}
[2.004184] (-) TimerEvent: {}
[2.104421] (-) TimerEvent: {}
[2.204764] (-) TimerEvent: {}
[2.305041] (-) TimerEvent: {}
[2.405386] (-) TimerEvent: {}
[2.505803] (-) TimerEvent: {}
[2.606124] (-) TimerEvent: {}
[2.671344] (mpu6050) StdoutLine: {'line': b'[100%] \x1b[32m\x1b[1mLinking CXX executable mpu_6050_pub\x1b[0m\n'}
[2.706320] (-) TimerEvent: {}
[2.779048] (mpu6050) StderrLine: {'line': b"/usr/bin/ld: CMakeFiles/mpu_6050_pub.dir/src/MPU6050.cpp.o: in function `MPU6050::MPU6050(signed char, bool)':\n"}
[2.779187] (mpu6050) StderrLine: {'line': b"MPU6050.cpp:(.text+0x11f): undefined reference to `i2c_smbus_write_byte_data'\n"}
[2.779220] (mpu6050) StderrLine: {'line': b"/usr/bin/ld: MPU6050.cpp:(.text+0x137): undefined reference to `i2c_smbus_write_byte_data'\n"}
[2.779253] (mpu6050) StderrLine: {'line': b"/usr/bin/ld: MPU6050.cpp:(.text+0x14f): undefined reference to `i2c_smbus_write_byte_data'\n"}
[2.779280] (mpu6050) StderrLine: {'line': b"/usr/bin/ld: MPU6050.cpp:(.text+0x167): undefined reference to `i2c_smbus_write_byte_data'\n"}
[2.779307] (mpu6050) StderrLine: {'line': b"/usr/bin/ld: MPU6050.cpp:(.text+0x17f): undefined reference to `i2c_smbus_write_byte_data'\n"}
[2.779334] (mpu6050) StderrLine: {'line': b"/usr/bin/ld: CMakeFiles/mpu_6050_pub.dir/src/MPU6050.cpp.o:MPU6050.cpp:(.text+0x197): more undefined references to `i2c_smbus_write_byte_data' follow\n"}
[2.779364] (mpu6050) StderrLine: {'line': b"/usr/bin/ld: CMakeFiles/mpu_6050_pub.dir/src/MPU6050.cpp.o: in function `MPU6050::getGyroRaw(float*, float*, float*)':\n"}
[2.779393] (mpu6050) StderrLine: {'line': b"MPU6050.cpp:(.text+0x342): undefined reference to `i2c_smbus_read_byte_data'\n"}
[2.779421] (mpu6050) StderrLine: {'line': b"/usr/bin/ld: MPU6050.cpp:(.text+0x35a): undefined reference to `i2c_smbus_read_byte_data'\n"}
[2.779445] (mpu6050) StderrLine: {'line': b"/usr/bin/ld: MPU6050.cpp:(.text+0x373): undefined reference to `i2c_smbus_read_byte_data'\n"}
[2.779469] (mpu6050) StderrLine: {'line': b"/usr/bin/ld: MPU6050.cpp:(.text+0x38b): undefined reference to `i2c_smbus_read_byte_data'\n"}
[2.779493] (mpu6050) StderrLine: {'line': b"/usr/bin/ld: MPU6050.cpp:(.text+0x3a4): undefined reference to `i2c_smbus_read_byte_data'\n"}
[2.779520] (mpu6050) StderrLine: {'line': b"/usr/bin/ld: CMakeFiles/mpu_6050_pub.dir/src/MPU6050.cpp.o:MPU6050.cpp:(.text+0x3bc): more undefined references to `i2c_smbus_read_byte_data' follow\n"}
[2.784365] (mpu6050) StderrLine: {'line': b'collect2: error: ld returned 1 exit status\n'}
[2.785730] (mpu6050) StderrLine: {'line': b'gmake[2]: *** [CMakeFiles/mpu_6050_pub.dir/build.make:213: mpu_6050_pub] Error 1\n'}
[2.785812] (mpu6050) StderrLine: {'line': b'gmake[1]: *** [CMakeFiles/Makefile2:137: CMakeFiles/mpu_6050_pub.dir/all] Error 2\n'}
[2.786093] (mpu6050) StderrLine: {'line': b'gmake: *** [Makefile:146: all] Error 2\n'}
[2.787520] (mpu6050) CommandEnded: {'returncode': 2}
[2.806832] (-) TimerEvent: {}
[2.820743] (mpu6050) JobEnded: {'identifier': 'mpu6050', 'rc': 2}
[2.831188] (-) EventReactorShutdown: {}
